<?xml version="1.0" encoding="UTF-8"?>
<!-- Generated by org.testng.reporters.JUnitXMLReporter -->
<testsuite hostname="DESKTOP-BQK0906" ignored="6" name="Test" tests="4" failures="0" timestamp="2021-07-17T18:59:50 IST" time="477.546" errors="0">
  <testcase name="deleteContactReq" time="32.416" classname="POMTests.DelectContactrReqTC"/>
  <testcase name="testContactReq" time="45.77" classname="POMTests.NewContactReqTC"/>
  <testcase name="cloneContactReq" time="50.892" classname="POMTests.CloneContactrReqSAL152"/>
  <testcase name="editContactReq" time="269.102" classname="POMTests.EditContactrReqSAL149"/>
  <testcase name="@AfterSuite stopReport" time="0.0" classname="baseClasses.SeleniumBaseClass">
    <ignored/>
  </testcase> <!-- @AfterSuite stopReport -->
  <testcase name="@AfterSuite stopReport" time="0.0" classname="baseClasses.SeleniumBaseClass">
    <ignored/>
  </testcase> <!-- @AfterSuite stopReport -->
  <testcase name="@AfterSuite stopReport" time="0.0" classname="baseClasses.SeleniumBaseClass">
    <ignored/>
  </testcase> <!-- @AfterSuite stopReport -->
  <testcase name="@BeforeSuite startExtentReport" time="0.0" classname="baseClasses.SeleniumBaseClass">
    <ignored/>
  </testcase> <!-- @BeforeSuite startExtentReport -->
  <testcase name="@BeforeSuite startExtentReport" time="0.0" classname="baseClasses.SeleniumBaseClass">
    <ignored/>
  </testcase> <!-- @BeforeSuite startExtentReport -->
  <testcase name="@BeforeSuite startExtentReport" time="0.0" classname="baseClasses.SeleniumBaseClass">
    <ignored/>
  </testcase> <!-- @BeforeSuite startExtentReport -->
</testsuite> <!-- Test -->
