<?xml version="1.0" encoding="UTF-8"?>
<!-- Generated by org.testng.reporters.JUnitXMLReporter -->
<testsuite hostname="DESKTOP-BQK0906" ignored="0" name="SequentialTest" tests="4" failures="0" timestamp="2021-06-27T15:05:13 IST" time="276.345" errors="0">
  <testcase name="testContactReq" time="43.624" classname="POMTests.NewContactReqTC"/>
  <testcase name="testContactReq" time="42.585" classname="POMTests.NewContactReqTC"/>
  <testcase name="deleteContactReq" time="51.24" classname="POMTests.DelectContactrReqTC"/>
  <testcase name="deleteContactReq" time="24.009" classname="POMTests.DelectContactrReqTC"/>
</testsuite> <!-- SequentialTest -->
